02.09.2014 19:06:04 (ERROR): ќшибка выполнени€ процедуры Select<Db.Entity.News> : —сылка на объект не указывает на экземпл€р объекта.   в System.Environment.GetStackTrace(Exception e, Boolean needFileInfo)
   в System.Environment.get_StackTrace()
   в Db.Tools.MonitorLog.WriteLog(String mes, typelog t, Boolean to_imp) в D:\_dev\T034\T034\T034.Db\Tools\MonitorLog.cs:строка 27
   в Db.DataAccess.NhBaseDb.Select[T]() в d:\_dev\T034\T034\T034.Db\DataAccess\NhBaseDb.cs:строка 50
   в T034.Controllers.NewsController.Index() в d:\_dev\T034\T034\T034\Controllers\NewsController.cs:строка 16
   в lambda_method(Closure , ControllerBase , Object[] )
   в System.Web.Mvc.ActionMethodDispatcher.Execute(ControllerBase controller, Object[] parameters)
   в System.Web.Mvc.ReflectedActionDescriptor.Execute(ControllerContext controllerContext, IDictionary`2 parameters)
   в System.Web.Mvc.ControllerActionInvoker.InvokeActionMethod(ControllerContext controllerContext, ActionDescriptor actionDescriptor, IDictionary`2 parameters)
   в System.Web.Mvc.ControllerActionInvoker.<>c__DisplayClass15.<InvokeActionMethodWithFilters>b__12()
   в System.Web.Mvc.ControllerActionInvoker.InvokeActionMethodFilter(IActionFilter filter, ActionExecutingContext preContext, Func`1 continuation)
   в System.Web.Mvc.ControllerActionInvoker.<>c__DisplayClass15.<>c__DisplayClass17.<InvokeActionMethodWithFilters>b__14()
   в System.Web.Mvc.ControllerActionInvoker.InvokeActionMethodWithFilters(ControllerContext controllerContext, IList`1 filters, ActionDescriptor actionDescriptor, IDictionary`2 parameters)
   в System.Web.Mvc.ControllerActionInvoker.InvokeAction(ControllerContext controllerContext, String actionName)
   в System.Web.Mvc.Controller.ExecuteCore()
   в System.Web.Mvc.ControllerBase.Execute(RequestContext requestContext)
   в System.Web.Mvc.ControllerBase.System.Web.Mvc.IController.Execute(RequestContext requestContext)
   в System.Web.Mvc.MvcHandler.<>c__DisplayClass6.<>c__DisplayClassb.<BeginProcessRequest>b__5()
   в System.Web.Mvc.Async.AsyncResultWrapper.<>c__DisplayClass1.<MakeVoidDelegate>b__0()
   в System.Web.Mvc.Async.AsyncResultWrapper.<>c__DisplayClass8`1.<BeginSynchronous>b__7(IAsyncResult _)
   в System.Web.Mvc.Async.AsyncResultWrapper.WrappedAsyncResult`1.End()
   в System.Web.Mvc.MvcHandler.<>c__DisplayClasse.<EndProcessRequest>b__d()
   в System.Web.Mvc.SecurityUtil.<GetCallInAppTrustThunk>b__0(Action f)
   в System.Web.Mvc.SecurityUtil.ProcessInApplicationTrust(Action action)
   в System.Web.Mvc.MvcHandler.EndProcessRequest(IAsyncResult asyncResult)
   в System.Web.Mvc.MvcHandler.System.Web.IHttpAsyncHandler.EndProcessRequest(IAsyncResult result)
   в System.Web.HttpApplication.CallHandlerExecutionStep.System.Web.HttpApplication.IExecutionStep.Execute()
   в System.Web.HttpApplication.ExecuteStep(IExecutionStep step, Boolean& completedSynchronously)
   в System.Web.HttpApplication.ApplicationStepManager.ResumeSteps(Exception error)
   в System.Web.HttpApplication.System.Web.IHttpAsyncHandler.BeginProcessRequest(HttpContext context, AsyncCallback cb, Object extraData)
   в System.Web.HttpRuntime.ProcessRequestInternal(HttpWorkerRequest wr)
   в System.Web.HttpRuntime.ProcessRequestNoDemand(HttpWorkerRequest wr)
   в System.Web.HttpRuntime.ProcessRequest(HttpWorkerRequest wr)
   в Microsoft.VisualStudio.WebHost.Request.Process()
   в Microsoft.VisualStudio.WebHost.Host.ProcessRequest(Connection conn)
. 
